11/29/2022 03:18:16 PM - IdMiner - INFO: Searching ENSXETG00000020444 in PaperBLAST!
11/29/2022 03:18:42 PM - IdMiner - INFO:  -- 97 homologues detected
11/29/2022 03:18:42 PM - IdMiner - INFO:  -- There were 11 homologues, with at least % 50 coverage and % 50  identity
11/29/2022 03:18:43 PM - IdMiner - DEBUG: Encoding detection: ascii is most likely the one.
11/29/2022 03:18:43 PM - IdMiner - INFO:  -- 33 articles recovered
11/29/2022 03:18:43 PM - IdMiner - INFO: Searching ENSXETG00000034361 in PaperBLAST!
11/29/2022 03:18:47 PM - IdMiner - INFO:  -- 159 homologues detected
11/29/2022 03:18:47 PM - IdMiner - INFO:  -- There were 31 homologues, with at least % 50 coverage and % 50  identity
11/29/2022 03:18:48 PM - IdMiner - DEBUG: Encoding detection: ascii is most likely the one.
11/29/2022 03:18:48 PM - IdMiner - INFO:  -- 75 articles recovered
11/29/2022 03:18:48 PM - IdMiner - INFO: Searching ENSXETG00000027596 in PaperBLAST!
11/29/2022 03:18:51 PM - IdMiner - INFO:  -- 8 homologues detected
11/29/2022 03:18:51 PM - IdMiner - INFO:  -- There were 6 homologues, with at least % 50 coverage and % 50  identity
11/29/2022 03:18:52 PM - IdMiner - DEBUG: Encoding detection: ascii is most likely the one.
11/29/2022 03:18:52 PM - IdMiner - INFO:  -- 24 articles recovered
11/29/2022 03:18:52 PM - IdMiner - INFO: Searching ENSXETG00000016681 in PaperBLAST!
11/29/2022 03:18:59 PM - IdMiner - INFO:  -- 15 homologues detected
11/29/2022 03:18:59 PM - IdMiner - INFO:  -- There were 9 homologues, with at least % 50 coverage and % 50  identity
11/29/2022 03:18:59 PM - IdMiner - DEBUG: Encoding detection: ascii is most likely the one.
11/29/2022 03:18:59 PM - IdMiner - INFO:  -- 17 articles recovered
11/29/2022 03:18:59 PM - IdMiner - INFO: Searching ENSXETG00000040503 in PaperBLAST!
11/29/2022 03:19:07 PM - IdMiner - INFO:  -- 250 homologues detected
11/29/2022 03:19:07 PM - IdMiner - INFO:  -- There were 21 homologues, with at least % 50 coverage and % 50  identity
11/29/2022 03:19:07 PM - IdMiner - DEBUG: Encoding detection: ascii is most likely the one.
11/29/2022 03:19:07 PM - IdMiner - INFO:  -- 88 articles recovered
11/29/2022 03:19:07 PM - IdMiner - INFO: Searching ENSXETG00000016572 in PaperBLAST!
11/29/2022 03:19:14 PM - IdMiner - INFO:  -- 250 homologues detected
11/29/2022 03:19:14 PM - IdMiner - INFO:  -- There were 21 homologues, with at least % 50 coverage and % 50  identity
11/29/2022 03:19:15 PM - IdMiner - DEBUG: Encoding detection: ascii is most likely the one.
11/29/2022 03:19:15 PM - IdMiner - INFO:  -- 75 articles recovered
11/29/2022 03:19:15 PM - IdMiner - INFO: Searching ENSXETG00000009516 in PaperBLAST!
11/29/2022 03:19:20 PM - IdMiner - INFO:  -- 67 homologues detected
11/29/2022 03:19:20 PM - IdMiner - INFO:  -- There were 27 homologues, with at least % 50 coverage and % 50  identity
11/29/2022 03:19:21 PM - IdMiner - DEBUG: Encoding detection: ascii is most likely the one.
11/29/2022 03:19:21 PM - IdMiner - INFO:  -- 86 articles recovered
11/29/2022 03:19:21 PM - IdMiner - INFO: Searching ENSXETG00000001339 in PaperBLAST!
11/29/2022 03:19:25 PM - IdMiner - INFO:  -- 147 homologues detected
11/29/2022 03:19:25 PM - IdMiner - INFO:  -- There were 15 homologues, with at least % 50 coverage and % 50  identity
11/29/2022 03:19:26 PM - IdMiner - DEBUG: Encoding detection: ascii is most likely the one.
11/29/2022 03:19:26 PM - IdMiner - INFO:  -- 52 articles recovered
11/29/2022 03:19:26 PM - IdMiner - INFO: Searching ENSXETG00000011825 in PaperBLAST!
11/29/2022 03:19:32 PM - IdMiner - INFO:  -- 250 homologues detected
11/29/2022 03:19:32 PM - IdMiner - INFO:  -- There were 8 homologues, with at least % 50 coverage and % 50  identity
11/29/2022 03:19:32 PM - IdMiner - DEBUG: Encoding detection: ascii is most likely the one.
11/29/2022 03:19:32 PM - IdMiner - INFO:  -- 31 articles recovered
11/29/2022 03:19:32 PM - IdMiner - INFO: Searching ENSXETG00000014751 in PaperBLAST!
11/29/2022 03:19:36 PM - IdMiner - INFO:  -- 71 homologues detected
11/29/2022 03:19:36 PM - IdMiner - INFO:  -- There were 7 homologues, with at least % 50 coverage and % 50  identity
11/29/2022 03:19:37 PM - IdMiner - DEBUG: Encoding detection: ascii is most likely the one.
11/29/2022 03:19:37 PM - IdMiner - INFO:  -- 19 articles recovered
11/29/2022 03:19:37 PM - IdMiner - INFO: Searching ENSXETG00000046055 in PaperBLAST!
11/29/2022 03:19:38 PM - IdMiner - INFO:  -- 0 homologues detected
11/29/2022 03:19:38 PM - IdMiner - INFO: Searching ENSXETG00000039639 in PaperBLAST!
11/29/2022 03:19:45 PM - IdMiner - INFO:  -- 250 homologues detected
11/29/2022 03:19:45 PM - IdMiner - INFO:  -- There were 18 homologues, with at least % 50 coverage and % 50  identity
11/29/2022 03:19:45 PM - IdMiner - DEBUG: Encoding detection: ascii is most likely the one.
11/29/2022 03:19:45 PM - IdMiner - INFO:  -- 94 articles recovered
11/29/2022 03:19:45 PM - IdMiner - INFO: Searching ENSXETG00000000488 in PaperBLAST!
11/29/2022 03:19:51 PM - IdMiner - INFO:  -- 70 homologues detected
11/29/2022 03:19:51 PM - IdMiner - INFO:  -- There were 6 homologues, with at least % 50 coverage and % 50  identity
11/29/2022 03:19:52 PM - IdMiner - DEBUG: Encoding detection: ascii is most likely the one.
11/29/2022 03:19:52 PM - IdMiner - INFO:  -- 38 articles recovered
11/29/2022 03:19:52 PM - IdMiner - INFO: Searching ENSXETG00000016385 in PaperBLAST!
11/29/2022 03:19:56 PM - IdMiner - INFO:  -- 23 homologues detected
11/29/2022 03:19:56 PM - IdMiner - INFO:  -- There were 12 homologues, with at least % 50 coverage and % 50  identity
11/29/2022 03:19:56 PM - IdMiner - DEBUG: Encoding detection: ascii is most likely the one.
11/29/2022 03:19:56 PM - IdMiner - INFO:  -- 28 articles recovered
11/29/2022 03:19:56 PM - IdMiner - INFO: Searching ENSXETG00000027751 in PaperBLAST!
11/29/2022 03:20:00 PM - IdMiner - INFO:  -- 20 homologues detected
11/29/2022 03:20:00 PM - IdMiner - INFO:  -- There were 3 homologues, with at least % 50 coverage and % 50  identity
11/29/2022 03:20:01 PM - IdMiner - DEBUG: Encoding detection: ascii is most likely the one.
11/29/2022 03:20:01 PM - IdMiner - INFO:  -- 22 articles recovered
11/29/2022 03:20:01 PM - IdMiner - INFO: Searching ENSXETG00000007390 in PaperBLAST!
11/29/2022 03:20:07 PM - IdMiner - INFO:  -- 250 homologues detected
11/29/2022 03:20:07 PM - IdMiner - INFO:  -- There were 3 homologues, with at least % 50 coverage and % 50  identity
11/29/2022 03:20:08 PM - IdMiner - DEBUG: Encoding detection: ascii is most likely the one.
11/29/2022 03:20:08 PM - IdMiner - INFO:  -- 12 articles recovered
11/29/2022 03:20:08 PM - IdMiner - INFO: Searching ENSXETG00000024684 in PaperBLAST!
11/29/2022 03:20:11 PM - IdMiner - INFO:  -- 12 homologues detected
11/29/2022 03:20:11 PM - IdMiner - INFO:  -- There were 6 homologues, with at least % 50 coverage and % 50  identity
11/29/2022 03:20:12 PM - IdMiner - DEBUG: Encoding detection: ascii is most likely the one.
11/29/2022 03:20:12 PM - IdMiner - INFO:  -- 40 articles recovered
11/29/2022 03:20:12 PM - IdMiner - INFO: Searching ENSXETG00000046081 in PaperBLAST!
11/29/2022 03:20:14 PM - IdMiner - INFO:  -- 17 homologues detected
11/29/2022 03:20:14 PM - IdMiner - INFO:  -- There were 16 homologues, with at least % 50 coverage and % 50  identity
11/29/2022 03:20:15 PM - IdMiner - DEBUG: Encoding detection: ascii is most likely the one.
11/29/2022 03:20:15 PM - IdMiner - INFO:  -- 44 articles recovered
11/29/2022 03:20:15 PM - IdMiner - INFO: Searching ENSXETG00000017402 in PaperBLAST!
11/29/2022 03:20:22 PM - IdMiner - INFO:  -- 93 homologues detected
11/29/2022 03:20:22 PM - IdMiner - INFO:  -- There were 14 homologues, with at least % 50 coverage and % 50  identity
11/29/2022 03:20:22 PM - IdMiner - DEBUG: Encoding detection: ascii is most likely the one.
11/29/2022 03:20:22 PM - IdMiner - INFO:  -- 53 articles recovered
11/29/2022 03:20:22 PM - IdMiner - INFO: Searching ENSXETG00000023384 in PaperBLAST!
11/29/2022 03:20:25 PM - IdMiner - INFO:  -- 35 homologues detected
11/29/2022 03:20:25 PM - IdMiner - INFO:  -- There were 14 homologues, with at least % 50 coverage and % 50  identity
11/29/2022 03:20:26 PM - IdMiner - DEBUG: Encoding detection: ascii is most likely the one.
11/29/2022 03:20:26 PM - IdMiner - INFO:  -- 49 articles recovered
11/29/2022 03:20:26 PM - IdMiner - INFO: Searching ENSXETG00000005347 in PaperBLAST!
11/29/2022 03:20:28 PM - IdMiner - INFO:  -- 24 homologues detected
11/29/2022 03:20:28 PM - IdMiner - INFO:  -- There were 20 homologues, with at least % 50 coverage and % 50  identity
11/29/2022 03:20:29 PM - IdMiner - DEBUG: Encoding detection: ascii is most likely the one.
11/29/2022 03:20:29 PM - IdMiner - INFO:  -- 90 articles recovered
11/29/2022 03:20:29 PM - IdMiner - INFO: Searching ENSXETG00000012164 in PaperBLAST!
11/29/2022 03:20:36 PM - IdMiner - INFO:  -- 69 homologues detected
11/29/2022 03:20:36 PM - IdMiner - INFO:  -- There were 9 homologues, with at least % 50 coverage and % 50  identity
11/29/2022 03:20:37 PM - IdMiner - DEBUG: Encoding detection: ascii is most likely the one.
11/29/2022 03:20:37 PM - IdMiner - INFO:  -- 37 articles recovered
11/29/2022 03:20:37 PM - IdMiner - INFO: Searching ENSXETG00000002665 in PaperBLAST!
11/29/2022 03:20:43 PM - IdMiner - INFO:  -- 173 homologues detected
11/29/2022 03:20:43 PM - IdMiner - INFO:  -- There were 28 homologues, with at least % 50 coverage and % 50  identity
11/29/2022 03:20:43 PM - IdMiner - DEBUG: Encoding detection: ascii is most likely the one.
11/29/2022 03:20:43 PM - IdMiner - INFO:  -- 67 articles recovered
11/29/2022 03:20:43 PM - IdMiner - INFO: Searching ENSXETG00000010814 in PaperBLAST!
11/29/2022 03:20:49 PM - IdMiner - INFO:  -- 250 homologues detected
11/29/2022 03:20:49 PM - IdMiner - INFO:  -- There were 33 homologues, with at least % 50 coverage and % 50  identity
11/29/2022 03:20:50 PM - IdMiner - DEBUG: Encoding detection: ascii is most likely the one.
11/29/2022 03:20:50 PM - IdMiner - INFO:  -- 94 articles recovered
11/29/2022 03:20:50 PM - IdMiner - INFO: Searching ENSXETG00000008512 in PaperBLAST!
11/29/2022 03:20:53 PM - IdMiner - INFO:  -- 64 homologues detected
11/29/2022 03:20:53 PM - IdMiner - INFO:  -- There were 19 homologues, with at least % 50 coverage and % 50  identity
11/29/2022 03:20:53 PM - IdMiner - DEBUG: Encoding detection: ascii is most likely the one.
11/29/2022 03:20:53 PM - IdMiner - INFO:  -- 50 articles recovered
11/29/2022 03:20:53 PM - IdMiner - INFO: Searching ENSXETG00000011722 in PaperBLAST!
11/29/2022 03:20:58 PM - IdMiner - INFO:  -- 111 homologues detected
11/29/2022 03:20:58 PM - IdMiner - INFO:  -- There were 12 homologues, with at least % 50 coverage and % 50  identity
11/29/2022 03:20:58 PM - IdMiner - DEBUG: Encoding detection: ascii is most likely the one.
11/29/2022 03:20:58 PM - IdMiner - INFO:  -- 58 articles recovered
11/29/2022 03:20:58 PM - IdMiner - INFO: Searching ENSXETG00000002770 in PaperBLAST!
11/29/2022 03:21:06 PM - IdMiner - INFO:  -- 5 homologues detected
11/29/2022 03:21:06 PM - IdMiner - INFO:  -- There were 2 homologues, with at least % 50 coverage and % 50  identity
11/29/2022 03:21:06 PM - IdMiner - INFO:  -- 9 articles recovered
11/29/2022 03:21:06 PM - IdMiner - INFO: Searching ENSXETG00000014251 in PaperBLAST!
11/29/2022 03:21:22 PM - IdMiner - INFO:  -- 155 homologues detected
11/29/2022 03:21:22 PM - IdMiner - INFO:  -- There were 7 homologues, with at least % 50 coverage and % 50  identity
11/29/2022 03:21:24 PM - IdMiner - DEBUG: Encoding detection: ascii is most likely the one.
11/29/2022 03:21:24 PM - IdMiner - INFO:  -- 52 articles recovered
11/29/2022 03:21:24 PM - IdMiner - INFO: Searching ENSXETG00000006391 in PaperBLAST!
11/29/2022 03:21:34 PM - IdMiner - INFO:  -- 250 homologues detected
11/29/2022 03:21:35 PM - IdMiner - INFO:  -- There were 85 homologues, with at least % 50 coverage and % 50  identity
11/29/2022 03:21:36 PM - IdMiner - DEBUG: Encoding detection: ascii is most likely the one.
11/29/2022 03:21:36 PM - IdMiner - INFO:  -- 172 articles recovered
11/29/2022 03:21:36 PM - IdMiner - INFO: Searching ENSXETG00000049080 in PaperBLAST!
11/29/2022 03:21:39 PM - IdMiner - INFO:  -- 1 homologues detected
11/29/2022 03:21:39 PM - IdMiner - INFO:  -- There were 0 homologues, with at least % 50 coverage and % 50  identity
11/29/2022 03:21:39 PM - IdMiner - INFO: Searching ENSXETG00000009903 in PaperBLAST!
11/29/2022 03:21:44 PM - IdMiner - INFO:  -- 10 homologues detected
11/29/2022 03:21:44 PM - IdMiner - INFO:  -- There were 3 homologues, with at least % 50 coverage and % 50  identity
11/29/2022 03:21:45 PM - IdMiner - DEBUG: Encoding detection: ascii is most likely the one.
11/29/2022 03:21:45 PM - IdMiner - INFO:  -- 3 articles recovered
11/29/2022 03:21:45 PM - IdMiner - INFO: Searching ENSXETG00000007404 in PaperBLAST!
11/29/2022 03:21:53 PM - IdMiner - INFO:  -- 250 homologues detected
11/29/2022 03:21:53 PM - IdMiner - INFO:  -- There were 7 homologues, with at least % 50 coverage and % 50  identity
11/29/2022 03:21:54 PM - IdMiner - DEBUG: Encoding detection: ascii is most likely the one.
11/29/2022 03:21:54 PM - IdMiner - INFO:  -- 19 articles recovered
11/29/2022 03:21:54 PM - IdMiner - INFO: Searching ENSXETG00000011651 in PaperBLAST!
11/29/2022 03:21:59 PM - IdMiner - INFO:  -- 94 homologues detected
11/29/2022 03:21:59 PM - IdMiner - INFO:  -- There were 18 homologues, with at least % 50 coverage and % 50  identity
11/29/2022 03:22:00 PM - IdMiner - DEBUG: Encoding detection: ascii is most likely the one.
11/29/2022 03:22:00 PM - IdMiner - INFO:  -- 67 articles recovered
11/29/2022 03:22:00 PM - IdMiner - INFO: Searching ENSXETG00000014771 in PaperBLAST!
11/29/2022 03:22:03 PM - IdMiner - INFO:  -- 6 homologues detected
11/29/2022 03:22:03 PM - IdMiner - INFO:  -- There were 4 homologues, with at least % 50 coverage and % 50  identity
11/29/2022 03:22:04 PM - IdMiner - DEBUG: Encoding detection: ascii is most likely the one.
11/29/2022 03:22:04 PM - IdMiner - INFO:  -- 7 articles recovered
11/29/2022 03:22:04 PM - IdMiner - INFO: Searching ENSXETG00000010361 in PaperBLAST!
11/29/2022 03:22:11 PM - IdMiner - INFO:  -- 250 homologues detected
11/29/2022 03:22:11 PM - IdMiner - INFO:  -- There were 199 homologues, with at least % 50 coverage and % 50  identity
11/29/2022 03:22:11 PM - IdMiner - WARNING:  -- Ignoring PMC articles. There was a problem
11/29/2022 03:22:11 PM - IdMiner - INFO:  -- 203 articles recovered
11/29/2022 03:22:11 PM - IdMiner - INFO: Searching ENSXETG00000044114 in PaperBLAST!
11/29/2022 03:22:13 PM - IdMiner - INFO:  -- 0 homologues detected
11/29/2022 03:22:13 PM - IdMiner - INFO: Searching ENSXETG00000034500 in PaperBLAST!
11/29/2022 03:22:16 PM - IdMiner - INFO:  -- 112 homologues detected
11/29/2022 03:22:16 PM - IdMiner - INFO:  -- There were 72 homologues, with at least % 50 coverage and % 50  identity
11/29/2022 03:22:17 PM - IdMiner - DEBUG: Encoding detection: ascii is most likely the one.
11/29/2022 03:22:17 PM - IdMiner - INFO:  -- 148 articles recovered
11/29/2022 03:22:17 PM - IdMiner - INFO: Searching ENSXETG00000044879 in PaperBLAST!
11/29/2022 03:22:20 PM - IdMiner - INFO:  -- 31 homologues detected
11/29/2022 03:22:20 PM - IdMiner - INFO:  -- There were 18 homologues, with at least % 50 coverage and % 50  identity
11/29/2022 03:22:21 PM - IdMiner - DEBUG: Encoding detection: ascii is most likely the one.
11/29/2022 03:22:21 PM - IdMiner - INFO:  -- 22 articles recovered
11/29/2022 03:22:21 PM - IdMiner - INFO: Searching ENSXETG00000027727 in PaperBLAST!
11/29/2022 03:22:25 PM - IdMiner - INFO:  -- 13 homologues detected
11/29/2022 03:22:25 PM - IdMiner - INFO:  -- There were 1 homologues, with at least % 50 coverage and % 50  identity
11/29/2022 03:22:25 PM - IdMiner - INFO:  -- 3 articles recovered
11/29/2022 03:22:25 PM - IdMiner - INFO: Searching ENSXETG00000015926 in PaperBLAST!
11/29/2022 03:22:36 PM - IdMiner - INFO:  -- 232 homologues detected
11/29/2022 03:22:36 PM - IdMiner - INFO:  -- There were 7 homologues, with at least % 50 coverage and % 50  identity
11/29/2022 03:22:37 PM - IdMiner - DEBUG: Encoding detection: ascii is most likely the one.
11/29/2022 03:22:37 PM - IdMiner - INFO:  -- 35 articles recovered
11/29/2022 03:22:37 PM - IdMiner - INFO: Fetch article -> Duration 261 seconds
11/29/2022 03:22:37 PM - IdMiner - INFO: Fetching abstracts for: ENSXETG00000020444
11/29/2022 03:22:39 PM - IdMiner - WARNING: There isn't abstract for pubmed article 16628197. Skipping...
11/29/2022 03:22:39 PM - IdMiner - WARNING: There isn't abstract for pubmed article 22795705. Skipping...
11/29/2022 03:22:39 PM - IdMiner - INFO:  -- we can retrieve 31 articles
11/29/2022 03:22:39 PM - IdMiner - INFO: Fetching abstracts for: ENSXETG00000034361
11/29/2022 03:22:41 PM - IdMiner - WARNING: There isn't abstract for pubmed article 7120390. Skipping...
11/29/2022 03:22:41 PM - IdMiner - WARNING: There isn't abstract for pubmed article 8723687. Skipping...
11/29/2022 03:22:41 PM - IdMiner - WARNING: There isn't abstract for pubmed article 10508508. Skipping...
11/29/2022 03:22:41 PM - IdMiner - INFO:  -- we can retrieve 68 articles
11/29/2022 03:22:41 PM - IdMiner - INFO: Fetching abstracts for: ENSXETG00000027596
11/29/2022 03:22:42 PM - IdMiner - INFO:  -- we can retrieve 21 articles
11/29/2022 03:22:42 PM - IdMiner - INFO: Fetching abstracts for: ENSXETG00000016681
11/29/2022 03:22:43 PM - IdMiner - INFO:  -- we can retrieve 13 articles
11/29/2022 03:22:43 PM - IdMiner - INFO: Fetching abstracts for: ENSXETG00000040503
11/29/2022 03:22:45 PM - IdMiner - INFO:  -- we can retrieve 81 articles
11/29/2022 03:22:45 PM - IdMiner - INFO: Fetching abstracts for: ENSXETG00000016572
11/29/2022 03:22:51 PM - IdMiner - WARNING: There isn't abstract for pubmed article 25120002. Skipping...
11/29/2022 03:22:51 PM - IdMiner - INFO:  -- we can retrieve 68 articles
11/29/2022 03:22:51 PM - IdMiner - INFO: Fetching abstracts for: ENSXETG00000009516
11/29/2022 03:23:00 PM - IdMiner - WARNING: There isn't abstract for pubmed article 35474440. Skipping...
11/29/2022 03:23:00 PM - IdMiner - INFO:  -- we can retrieve 81 articles
11/29/2022 03:23:00 PM - IdMiner - INFO: Fetching abstracts for: ENSXETG00000001339
11/29/2022 03:23:03 PM - IdMiner - INFO:  -- we can retrieve 47 articles
11/29/2022 03:23:03 PM - IdMiner - INFO: Fetching abstracts for: ENSXETG00000011825
11/29/2022 03:23:03 PM - IdMiner - INFO:  -- we can retrieve 16 articles
11/29/2022 03:23:03 PM - IdMiner - INFO: Fetching abstracts for: ENSXETG00000014751
11/29/2022 03:23:04 PM - IdMiner - INFO:  -- we can retrieve 18 articles
11/29/2022 03:23:04 PM - IdMiner - INFO: Fetching abstracts for: ENSXETG00000039639
11/29/2022 03:23:07 PM - IdMiner - INFO:  -- we can retrieve 77 articles
11/29/2022 03:23:07 PM - IdMiner - INFO: Fetching abstracts for: ENSXETG00000000488
11/29/2022 03:23:10 PM - IdMiner - WARNING: There isn't abstract for pubmed article 16841087. Skipping...
11/29/2022 03:23:10 PM - IdMiner - INFO:  -- we can retrieve 33 articles
11/29/2022 03:23:10 PM - IdMiner - INFO: Fetching abstracts for: ENSXETG00000016385
11/29/2022 03:23:15 PM - IdMiner - INFO:  -- we can retrieve 27 articles
11/29/2022 03:23:15 PM - IdMiner - INFO: Fetching abstracts for: ENSXETG00000027751
11/29/2022 03:23:18 PM - IdMiner - INFO:  -- we can retrieve 22 articles
11/29/2022 03:23:18 PM - IdMiner - INFO: Fetching abstracts for: ENSXETG00000007390
11/29/2022 03:23:19 PM - IdMiner - INFO:  -- we can retrieve 12 articles
11/29/2022 03:23:19 PM - IdMiner - INFO: Fetching abstracts for: ENSXETG00000024684
11/29/2022 03:23:22 PM - IdMiner - INFO:  -- we can retrieve 40 articles
11/29/2022 03:23:22 PM - IdMiner - INFO: Fetching abstracts for: ENSXETG00000046081
11/29/2022 03:23:23 PM - IdMiner - INFO:  -- we can retrieve 32 articles
11/29/2022 03:23:23 PM - IdMiner - INFO: Fetching abstracts for: ENSXETG00000017402
11/29/2022 03:23:28 PM - IdMiner - INFO:  -- we can retrieve 47 articles
11/29/2022 03:23:28 PM - IdMiner - INFO: Fetching abstracts for: ENSXETG00000023384
11/29/2022 03:23:35 PM - IdMiner - INFO:  -- we can retrieve 46 articles
11/29/2022 03:23:35 PM - IdMiner - INFO: Fetching abstracts for: ENSXETG00000005347
11/29/2022 03:24:01 PM - IdMiner - INFO:  -- we can retrieve 88 articles
11/29/2022 03:24:01 PM - IdMiner - INFO: Fetching abstracts for: ENSXETG00000012164
11/29/2022 03:24:03 PM - IdMiner - INFO:  -- we can retrieve 37 articles
11/29/2022 03:24:03 PM - IdMiner - INFO: Fetching abstracts for: ENSXETG00000002665
11/29/2022 03:24:10 PM - IdMiner - INFO:  -- we can retrieve 51 articles
11/29/2022 03:24:10 PM - IdMiner - INFO: Fetching abstracts for: ENSXETG00000010814
11/29/2022 03:24:11 PM - IdMiner - WARNING: There isn't abstract for pubmed article 8978272. Skipping...
11/29/2022 03:24:11 PM - IdMiner - WARNING: There isn't abstract for pubmed article 34411431. Skipping...
11/29/2022 03:24:11 PM - IdMiner - WARNING: There isn't abstract for pubmed article 34490613. Skipping...
11/29/2022 03:24:11 PM - IdMiner - WARNING: There isn't abstract for pubmed article 31848684. Skipping...
11/29/2022 03:24:11 PM - IdMiner - WARNING: There isn't abstract for pubmed article 32297424. Skipping...
11/29/2022 03:24:11 PM - IdMiner - WARNING: There isn't abstract for pubmed article 33596641. Skipping...
11/29/2022 03:24:11 PM - IdMiner - INFO:  -- we can retrieve 81 articles
11/29/2022 03:24:11 PM - IdMiner - INFO: Fetching abstracts for: ENSXETG00000008512
11/29/2022 03:24:14 PM - IdMiner - INFO:  -- we can retrieve 46 articles
11/29/2022 03:24:14 PM - IdMiner - INFO: Fetching abstracts for: ENSXETG00000011722
11/29/2022 03:24:20 PM - IdMiner - INFO:  -- we can retrieve 56 articles
11/29/2022 03:24:20 PM - IdMiner - INFO: Fetching abstracts for: ENSXETG00000002770
11/29/2022 03:24:21 PM - IdMiner - INFO:  -- we can retrieve 7 articles
11/29/2022 03:24:21 PM - IdMiner - INFO: Fetching abstracts for: ENSXETG00000014251
11/29/2022 03:24:23 PM - IdMiner - WARNING: There isn't abstract for pubmed article 24336203. Skipping...
11/29/2022 03:24:23 PM - IdMiner - INFO:  -- we can retrieve 51 articles
11/29/2022 03:24:23 PM - IdMiner - INFO: Fetching abstracts for: ENSXETG00000006391
11/29/2022 03:24:29 PM - IdMiner - WARNING: There isn't abstract for pubmed article 4368673. Skipping...
11/29/2022 03:24:29 PM - IdMiner - INFO:  -- we can retrieve 164 articles
11/29/2022 03:24:29 PM - IdMiner - INFO: Fetching abstracts for: ENSXETG00000009903
11/29/2022 03:24:30 PM - IdMiner - INFO:  -- we can retrieve 3 articles
11/29/2022 03:24:30 PM - IdMiner - INFO: Fetching abstracts for: ENSXETG00000007404
11/29/2022 03:24:30 PM - IdMiner - INFO:  -- we can retrieve 17 articles
11/29/2022 03:24:30 PM - IdMiner - INFO: Fetching abstracts for: ENSXETG00000011651
11/29/2022 03:24:32 PM - IdMiner - INFO:  -- we can retrieve 61 articles
11/29/2022 03:24:32 PM - IdMiner - INFO: Fetching abstracts for: ENSXETG00000014771
11/29/2022 03:24:33 PM - IdMiner - INFO:  -- we can retrieve 6 articles
11/29/2022 03:24:33 PM - IdMiner - INFO: Fetching abstracts for: ENSXETG00000010361
11/29/2022 03:24:34 PM - IdMiner - WARNING: There isn't abstract for pubmed article 11795591. Skipping...
11/29/2022 03:24:34 PM - IdMiner - INFO:  -- we can retrieve 172 articles
11/29/2022 03:24:34 PM - IdMiner - INFO: Fetching abstracts for: ENSXETG00000034500
11/29/2022 03:24:36 PM - IdMiner - WARNING: There isn't abstract for pubmed article 641056. Skipping...
11/29/2022 03:24:36 PM - IdMiner - WARNING: There isn't abstract for pubmed article 19676114. Skipping...
11/29/2022 03:24:36 PM - IdMiner - INFO:  -- we can retrieve 130 articles
11/29/2022 03:24:36 PM - IdMiner - INFO: Fetching abstracts for: ENSXETG00000044879
11/29/2022 03:24:37 PM - IdMiner - INFO:  -- we can retrieve 19 articles
11/29/2022 03:24:37 PM - IdMiner - INFO: Fetching abstracts for: ENSXETG00000027727
11/29/2022 03:24:38 PM - IdMiner - INFO:  -- we can retrieve 3 articles
11/29/2022 03:24:38 PM - IdMiner - INFO: Fetching abstracts for: ENSXETG00000015926
11/29/2022 03:24:39 PM - IdMiner - INFO:  -- we can retrieve 34 articles
11/29/2022 03:24:39 PM - IdMiner - INFO: There was in total 1730 unique articles for 37 genes
11/29/2022 03:24:39 PM - IdMiner - INFO: Abstract by Term -> Duration 121 seconds
11/29/2022 03:24:46 PM - IdMiner - INFO: Total terms 16075
11/29/2022 03:25:09 PM - IdMiner - INFO: Total terms to be analyzed 5000
11/29/2022 03:25:09 PM - IdMiner - INFO: Clean Terms -> Duration 30 seconds
11/29/2022 03:25:21 PM - IdMiner - INFO: Reports -> Duration 12 seconds
11/29/2022 03:25:21 PM - IdMiner - INFO: 127.0.0.1 - - [29/Nov/2022 15:25:21] "POST /_dash-update-component HTTP/1.1" 200 -
